20:18:08.529 karate.env system property was:  
20:18:08.655 karate.env system property was:  
20:18:09.296 request:
1 > PUT https://petstore.swagger.io/v2/pet
1 > Accept-Encoding: gzip,deflate
1 > Connection: Keep-Alive
1 > Content-Length: 135
1 > Content-Type: application/json; charset=UTF-8
1 > Host: petstore.swagger.io
1 > User-Agent: Apache-HttpClient/4.5.12 (Java/1.8.0_301)
1 > accept: application/json
{"id":2,"category":{"id":2,"name":"Dogs"},"name":"Pitbull","photoUrls":["string"],"tags":[{"id":3,"name":"tag3"}],"status":"available"}

20:18:10.637 response time in milliseconds: 1332.12
1 < 200
1 < Access-Control-Allow-Headers: Content-Type, api_key, Authorization
1 < Access-Control-Allow-Methods: GET, POST, DELETE, PUT
1 < Access-Control-Allow-Origin: *
1 < Connection: keep-alive
1 < Content-Type: application/json
1 < Date: Mon, 11 Apr 2022 10:18:09 GMT
1 < Server: Jetty(9.2.9.v20150224)
1 < Transfer-Encoding: chunked
{"id":2,"category":{"id":2,"name":"Dogs"},"name":"Pitbull","photoUrls":["string"],"tags":[{"id":3,"name":"tag3"}],"status":"available"}

20:18:10.637 [print] {
  "photoUrls": [
    "string"
  ],
  "name": "Pitbull",
  "id": 2,
  "category": {
    "name": "Dogs",
    "id": 2
  },
  "tags": [
    {
      "name": "tag3",
      "id": 3
    }
  ],
  "status": "available"
}

20:18:10.668 karate.env system property was:  
20:18:10.699 karate.env system property was:  
pt-Encoding: gzip,deflate
2 > Connection: Keep-Alive
2 > Content-Length: 135
2 > Content-Type: application/json; charset=UTF-8
2 > Host: petstore.swagger.io
2 > User-Agent: Apache-HttpClient/4.5.12 (Java/1.8.0_301)
2 > accept: application/json
{"category":{"id":2,"name":"Dogs"},"name":"Pitbull","photoUrls":["string"],"tags":[{"id":3,"name":"tag3"}],"status":"available","id":4}

20:12:34.079 response time in milliseconds: 1181.67
2 < 200
2 < Access-Control-Allow-Headers: Content-Type, api_key, Authorization
2 < Access-Control-Allow-Methods: GET, POST, DELETE, PUT
2 < Access-Control-Allow-Origin: *
2 < Connection: keep-alive
2 < Content-Type: application/json
2 < Date: Mon, 11 Apr 2022 10:12:33 GMT
2 < Server: Jetty(9.2.9.v20150224)
2 < Transfer-Encoding: chunked
{"id":4,"category":{"id":2,"name":"Dogs"},"name":"Pitbull","photoUrls":["string"],"tags":[{"id":3,"name":"tag3"}],"status":"available"}

20:12:34.080 [print] {
  "photoUrls": [
    "string"
  ],
  "name": "Pitbull",
  "id": 4,
  "category": {
    "name": "Dogs",
    "id": 2
  },
  "tags": [
    {
      "name": "tag3",
      "id": 3
    }
  ],
  "status": "available"
}

20:12:34.088 request:
3 > DELETE https://petstore.swagger.io/v2/pet/4
3 > Accept-Encoding: gzip,deflate
3 > Connection: Keep-Alive
3 > Host: petstore.swagger.io
3 > User-Agent: Apache-HttpClient/4.5.12 (Java/1.8.0_301)
3 > accept: application/json
3 > api_key: special-key

20:12:35.167 response time in milliseconds: 1080.37
3 < 200
3 < Access-Control-Allow-Headers: Content-Type, api_key, Authorization
3 < Access-Control-Allow-Methods: GET, POST, DELETE, PUT
3 < Access-Control-Allow-Origin: *
3 < Connection: keep-alive
3 < Content-Type: application/json
3 < Date: Mon, 11 Apr 2022 10:12:34 GMT
3 < Server: Jetty(9.2.9.v20150224)
3 < Transfer-Encoding: chunked
{"code":200,"type":"unknown","message":"4"}

20:12:35.182 [print] {
  "code": 200,
  "type": "unknown",
  "message": "4"
}

20:12:35.182 request:
4 > GET https://petstore.swagger.io/v2/pet/4
4 > Accept-Encoding: gzip,deflate
4 > Connection: Keep-Alive
4 > Host: petstore.swagger.io
4 > User-Agent: Apache-HttpClient/4.5.12 (Java/1.8.0_301)
4 > accept: application/json
4 > api_key: special-key

20:12:36.277 response time in milliseconds: 1084.33
4 < 404
4 < Access-Control-Allow-Headers: Content-Type, api_key, Authorization
4 < Access-Control-Allow-Methods: GET, POST, DELETE, PUT
4 < Access-Control-Allow-Origin: *
4 < Connection: keep-alive
4 < Content-Type: application/json
4 < Date: Mon, 11 Apr 2022 10:12:35 GMT
4 < Server: Jetty(9.2.9.v20150224)
4 < Transfer-Encoding: chunked
{"code":1,"type":"error","message":"Pet not found"}

20:12:36.277 [print] {
  "code": 1,
  "type": "error",
  "message": "Pet not found"
}

 assertion failed: path: $.type, actual: 'unknown', expected: 'error', reason: not equal
t equal
l
r.push(arguments);}gtag('js', new Date());gtag('config', 'G-7KR6VNWHWS');</script></head><body><nav class="navbar navbar-expand-lg navbar-dark bg-dark sticky-top"><div class="container"><a class="navbar-brand" href="/"><i class="fas fa-exchange-alt"></i> Go REST</a><button aria-controls="AppNavBar" aria-expanded="false" aria-label="Toggle navigation" class="navbar-toggler" data-bs-target="#AppNavBar" data-bs-toggle="collapse" type="button"><span class="navbar-toggler-icon"></span></button><div class="collapse navbar-collapse" id="AppNavBar"><ul class="navbar-nav ms-auto"><li class="nav-item"><a class="nav-link" href="/chandamama-stories"><i class="fas fa-cloud-moon"></i> Chandamama Stories</a></li><li class="nav-item"><a class="nav-link" href="/qa"><i class="fas fa-life-ring"></i> Help</a></li><li class="nav-item"><a class="nav-link" href="/rest-console"><i class="fab fa-linux"></i> Rest Console</a></li><li class="nav-item dropdown"><a aria-expanded="false" class="nav-link dropdown-toggle" data-bs-toggle="dropdown" href="#" id="ToolsDropDown" role="button"><i class="fas fa-tools"></i> Tools</a><ul aria-labelledby="ToolsDropDown" class="dropdown-menu"><li class=""><a class="dropdown-item" href="/tools/base64-encode-decode">Base64 Encode/Decode</a></li><li class=""><a class="dropdown-item" href="/tools/url-encode-decode">Url Encode/Decode</a></li><li class=""><a class="dropdown-item" href="/tools/gcode-translator">G-Code Translator</a></li></ul></li><li class="nav-item"><a class="nav-link" href="/consumer/login">Login</a></li></ul></div></div></nav><div class="container pt-3"><style type="text/css">.code-text code {color: #bdbdbd;display: block;}.code-text code b {color: #81a2be;font-weight: 900;}.code-text code em {color: #b294bb;font-style: unset;}.code-text code i {color: #b5bd68;}.code-text code span {color: #f0c674;}</style><div class="card text-white border-secondary bg-dark"><div class="card-header"><h1 class="card-title text-warning"><i class="fas fa-ghost text-white slide-right"></i> HTTP: Not Found </h1></div><div class="card-body"><h3 class="leaad code-text"><code class="mb-3"><span>this_page</span>.<em>not_found</em> = true</code></h3><p class="lead code-text"><code class="mb-2"><span>if</span> <b>you_spelt_it_wrong</b> <br />&nbsp;&nbsp;<span>try_again</span><br /></code><code class="mb-2"><span>elsif <b>we_screwed_up</b></span> <br />&nbsp;&nbsp;<em>print</em> <i>"We're really sorry about that."</i><br/></code><code class="mb-2"><span>end</span></code><code class="mb-2"><span>redirect_to</span> <em>home_page</em></code></p></div></div></div><hr class="mt-5" /><div class="container"><div class="footer"><ul class="list-inline"><li class="list-inline-item">&copy; Go Rest 2022</li><li class="list-inline-item float-lg-end"><a href="/privacy-policy">Privacy Policy</a></li><li class="list-inline-item float-lg-end me-3"><a href="/contact-us">Contact Us</a></li></ul></div></div></body></html>

20:09:39.120 xml parsing failed, response data type set to string: org.xml.sax.SAXParseException; lineNumber: 1; columnNumber: 3119; The entity "nbsp" was referenced, but not declared.
20:09:39.120 status code was: 404, expected: 200, response time: 1077, url: https://gorest.co.in/v2/pet/1, response: <!DOCTYPE html><html><head><meta charset="utf-8" /><meta content="width=device-width, initial-scale=1, shrink-to-fit=no" name="viewport" /><link href="/favicon.ico" rel="icon" type="image/x-icon" /><title>Page Not Found | GO REST</title><link rel="stylesheet" href="/assets/application-2715366c2372d5dfabfa9c9d05a0e84b9c0de17fe12c2d96e07d2db0e218fed2.css" media="all" data-turbolinks-track="reload" /><script src="/packs/js/application-84cecc93f869802defaa.js" data-turbolinks-track="reload" defer="defer"></script><script async="true" crossorigin="anonymous" src="https://pagead2.googlesyndication.com/pagead/js/adsbygoogle.js?client=ca-pub-4930099895671899"></script><script async="true" src="https://www.googletagmanager.com/gtag/js?id=G-7KR6VNWHWS"></script><script>window.dataLayer = window.dataLayer || [];function gtag(){dataLayer.push(arguments);}gtag('js', new Date());gtag('config', 'G-7KR6VNWHWS');</script></head><body><nav class="navbar navbar-expand-lg navbar-dark bg-dark sticky-top"><div class="container"><a class="navbar-brand" href="/"><i class="fas fa-exchange-alt"></i> Go REST</a><button aria-controls="AppNavBar" aria-expanded="false" aria-label="Toggle navigation" class="navbar-toggler" data-bs-target="#AppNavBar" data-bs-toggle="collapse" type="button"><span class="navbar-toggler-icon"></span></button><div class="collapse navbar-collapse" id="AppNavBar"><ul class="navbar-nav ms-auto"><li class="nav-item"><a class="nav-link" href="/chandamama-stories"><i class="fas fa-cloud-moon"></i> Chandamama Stories</a></li><li class="nav-item"><a class="nav-link" href="/qa"><i class="fas fa-life-ring"></i> Help</a></li><li class="nav-item"><a class="nav-link" href="/rest-console"><i class="fab fa-linux"></i> Rest Console</a></li><li class="nav-item dropdown"><a aria-expanded="false" class="nav-link dropdown-toggle" data-bs-toggle="dropdown" href="#" id="ToolsDropDown" role="button"><i class="fas fa-tools"></i> Tools</a><ul aria-labelledby="ToolsDropDown" class="dropdown-menu"><li class=""><a class="dropdown-item" href="/tools/base64-encode-decode">Base64 Encode/Decode</a></li><li class=""><a class="dropdown-item" href="/tools/url-encode-decode">Url Encode/Decode</a></li><li class=""><a class="dropdown-item" href="/tools/gcode-translator">G-Code Translator</a></li></ul></li><li class="nav-item"><a class="nav-link" href="/consumer/login">Login</a></li></ul></div></div></nav><div class="container pt-3"><style type="text/css">.code-text code {color: #bdbdbd;display: block;}.code-text code b {color: #81a2be;font-weight: 900;}.code-text code em {color: #b294bb;font-style: unset;}.code-text code i {color: #b5bd68;}.code-text code span {color: #f0c674;}</style><div class="card text-white border-secondary bg-dark"><div class="card-header"><h1 class="card-title text-warning"><i class="fas fa-ghost text-white slide-right"></i> HTTP: Not Found </h1></div><div class="card-body"><h3 class="leaad code-text"><code class="mb-3"><span>this_page</span>.<em>not_found</em> = true</code></h3><p class="lead code-text"><code class="mb-2"><span>if</span> <b>you_spelt_it_wrong</b> <br />&nbsp;&nbsp;<span>try_again</span><br /></code><code class="mb-2"><span>elsif <b>we_screwed_up</b></span> <br />&nbsp;&nbsp;<em>print</em> <i>"We're really sorry about that."</i><br/></code><code class="mb-2"><span>end</span></code><code class="mb-2"><span>redirect_to</span> <em>home_page</em></code></p></div></div></div><hr class="mt-5" /><div class="container"><div class="footer"><ul class="list-inline"><li class="list-inline-item">&copy; Go Rest 2022</li><li class="list-inline-item float-lg-end"><a href="/privacy-policy">Privacy Policy</a></li><li class="list-inline-item float-lg-end me-3"><a href="/contact-us">Contact Us</a></li></ul></div></div></body></html>
20:09:39.135 karate.env system property was:  
20:09:39.135 request:
1 > GET https://gorest.co.in/v2/pet/1
1 > Accept-Encoding: gzip,deflate
1 > Connection: Keep-Alive
1 > Host: gorest.co.in
1 > User-Agent: Apache-HttpClient/4.5.12 (Java/1.8.0_301)

20:09:40.230 response time in milliseconds: 1098.44
1 < 404
1 < Cache-Control: no-cache
1 < Connection: keep-alive
1 < Content-Type: text/html; charset=utf-8
1 < Date: Sat, 09 Apr 2022 10:09:39 GMT
1 < Feature-Policy: camera 'none'; gyroscope 'none'; microphone 'none'; usb 'none'; fullscreen 'self'
1 < Link: </assets/application-2715366c2372d5dfabfa9c9d05a0e84b9c0de17fe12c2d96e07d2db0e218fed2.css>; rel=preload; as=style; nopush
1 < Referrer-Policy: strict-origin-when-cross-origin
1 < Server: nginx
1 < Set-Cookie: _gorest_session=J4z5aEg%2FjUiJKchOrv07bEWIgEuqPSBgmuJ168oH5A6bE7BeMSw6tney4h4GQ4GVwIz0uD4X2ikzT4beG04gua8iwGgmLW3SelwuPVwiOEgGv%2FasTWp8fu%2F53mj5pOSe71Ju%2FUBW%2BqR4aT1YgQpBF9%2Fqmc65GxmXiqgS006SUwJd%2FIVlAKNAkLkxkTMFPcA40FDibP1%2FjVP%2FFVUJoTt4iiUUAsIHY7URT6OMiJrhmfKN8C66DFJte5Pf5H3kSWVgz9%2Byz35a6ps5q%2FUvOngY3gW3LSqWXfI%3D--nJ8O8n63tOYlfXoU--go%2FRnVBK7mtd5LjT7zlYmA%3D%3D; path=/; secure; HttpOnly; SameSite=Lax
1 < Strict-Transport-Security: max-age=63072000; includeSubDomains
1 < Transfer-Encoding: chunked
1 < Vary: Accept-Encoding
1 < X-Content-Type-Options: nosniff
1 < X-Download-Options: noopen
1 < X-Frame-Options: SAMEORIGIN
1 < X-Permitted-Cross-Domain-Policies: none
1 < X-Request-Id: 14884ecf-9726-4715-91e3-a8cf27110894
1 < X-Runtime: 0.006095
1 < X-XSS-Protection: 0
<!DOCTYPE html><html><head><meta charset="utf-8" /><meta content="width=device-width, initial-scale=1, shrink-to-fit=no" name="viewport" /><link href="/favicon.ico" rel="icon" type="image/x-icon" /><title>Page Not Found | GO REST</title><meta name="csrf-param" content="authenticity_token" />
<meta name="csrf-token" content="6WI0ayJeD1F3Cv2xYMkd-mfoikHKIZM77b2fJ_5C0yw3T1D_heZ55Drf6CgkMV6DwqoLGdg4ilfWMt7ID95IgQ" /><link rel="stylesheet" href="/assets/application-2715366c2372d5dfabfa9c9d05a0e84b9c0de17fe12c2d96e07d2db0e218fed2.css" media="all" data-turbolinks-track="reload" /><script src="/packs/js/application-84cecc93f869802defaa.js" data-turbolinks-track="reload" defer="defer"></script><script async="true" crossorigin="anonymous" src="https://pagead2.googlesyndication.com/pagead/js/adsbygoogle.js?client=ca-pub-4930099895671899"></script><script async="true" src="https://www.googletagmanager.com/gtag/js?id=G-7KR6VNWHWS"></script><script>window.dataLayer = window.dataLayer || [];function gtag(){dataLayer.push(arguments);}gtag('js', new Date());gtag('config', 'G-7KR6VNWHWS');</script></head><body><nav class="navbar navbar-expand-lg navbar-dark bg-dark sticky-top"><div class="container"><a class="navbar-brand" href="/"><i class="fas fa-exchange-alt"></i> Go REST</a><button aria-controls="AppNavBar" aria-expanded="false" aria-label="Toggle navigation" class="navbar-toggler" data-bs-target="#AppNavBar" data-bs-toggle="collapse" type="button"><span class="navbar-toggler-icon"></span></button><div class="collapse navbar-collapse" id="AppNavBar"><ul class="navbar-nav ms-auto"><li class="nav-item"><a class="nav-link" href="/chandamama-stories"><i class="fas fa-cloud-moon"></i> Chandamama Stories</a></li><li class="nav-item"><a class="nav-link" href="/qa"><i class="fas fa-life-ring"></i> Help</a></li><li class="nav-item"><a class="nav-link" href="/rest-console"><i class="fab fa-linux"></i> Rest Console</a></li><li class="nav-item dropdown"><a aria-expanded="false" class="nav-link dropdown-toggle" data-bs-toggle="dropdown" href="#" id="ToolsDropDown" role="button"><i class="fas fa-tools"></i> Tools</a><ul aria-labelledby="ToolsDropDown" class="dropdown-menu"><li class=""><a class="dropdown-item" href="/tools/base64-encode-decode">Base64 Encode/Decode</a></li><li class=""><a class="dropdown-item" href="/tools/url-encode-decode">Url Encode/Decode</a></li><li class=""><a class="dropdown-item" href="/tools/gcode-translator">G-Code Translator</a></li></ul></li><li class="nav-item"><a class="nav-link" href="/consumer/login">Login</a></li></ul></div></div></nav><div class="container pt-3"><style type="text/css">.code-text code {color: #bdbdbd;display: block;}.code-text code b {color: #81a2be;font-weight: 900;}.code-text code em {color: #b294bb;font-style: unset;}.code-text code i {color: #b5bd68;}.code-text code span {color: #f0c674;}</style><div class="card text-white border-secondary bg-dark"><div class="card-header"><h1 class="card-title text-warning"><i class="fas fa-ghost text-white slide-right"></i> HTTP: Not Found </h1></div><div class="card-body"><h3 class="leaad code-text"><code class="mb-3"><span>this_page</span>.<em>not_found</em> = true</code></h3><p class="lead code-text"><code class="mb-2"><span>if</span> <b>you_spelt_it_wrong</b> <br />&nbsp;&nbsp;<span>try_again</span><br /></code><code class="mb-2"><span>elsif <b>we_screwed_up</b></span> <br />&nbsp;&nbsp;<em>print</em> <i>"We're really sorry about that."</i><br/></code><code class="mb-2"><span>end</span></code><code class="mb-2"><span>redirect_to</span> <em>home_page</em></code></p></div></div></div><hr class="mt-5" /><div class="container"><div class="footer"><ul class="list-inline"><li class="list-inline-item">&copy; Go Rest 2022</li><li class="list-inline-item float-lg-end"><a href="/privacy-policy">Privacy Policy</a></li><li class="list-inline-item float-lg-end me-3"><a href="/contact-us">Contact Us</a></li></ul></div></div></body></html>

20:09:40.230 xml parsing failed, response data type set to string: org.xml.sax.SAXParseException; lineNumber: 2; columnNumber: 3005; The entity "nbsp" was referenced, but not declared.
20:09:40.230 [print] <!DOCTYPE html><html><head><meta charset="utf-8" /><meta content="width=device-width, initial-scale=1, shrink-to-fit=no" name="viewport" /><link href="/favicon.ico" rel="icon" type="image/x-icon" /><title>Page Not Found | GO REST</title><meta name="csrf-param" content="authenticity_token" />
<meta name="csrf-token" content="6WI0ayJeD1F3Cv2xYMkd-mfoikHKIZM77b2fJ_5C0yw3T1D_heZ55Drf6CgkMV6DwqoLGdg4ilfWMt7ID95IgQ" /><link rel="stylesheet" href="/assets/application-2715366c2372d5dfabfa9c9d05a0e84b9c0de17fe12c2d96e07d2db0e218fed2.css" media="all" data-turbolinks-track="reload" /><script src="/packs/js/application-84cecc93f869802defaa.js" data-turbolinks-track="reload" defer="defer"></script><script async="true" crossorigin="anonymous" src="https://pagead2.googlesyndication.com/pagead/js/adsbygoogle.js?client=ca-pub-4930099895671899"></script><script async="true" src="https://www.googletagmanager.com/gtag/js?id=G-7KR6VNWHWS"></script><script>window.dataLayer = window.dataLayer || [];function gtag(){dataLayer.push(arguments);}gtag('js', new Date());gtag('config', 'G-7KR6VNWHWS');</script></head><body><nav class="navbar navbar-expand-lg navbar-dark bg-dark sticky-top"><div class="container"><a class="navbar-brand" href="/"><i class="fas fa-exchange-alt"></i> Go REST</a><button aria-controls="AppNavBar" aria-expanded="false" aria-label="Toggle navigation" class="navbar-toggler" data-bs-target="#AppNavBar" data-bs-toggle="collapse" type="button"><span class="navbar-toggler-icon"></span></button><div class="collapse navbar-collapse" id="AppNavBar"><ul class="navbar-nav ms-auto"><li class="nav-item"><a class="nav-link" href="/chandamama-stories"><i class="fas fa-cloud-moon"></i> Chandamama Stories</a></li><li class="nav-item"><a class="nav-link" href="/qa"><i class="fas fa-life-ring"></i> Help</a></li><li class="nav-item"><a class="nav-link" href="/rest-console"><i class="fab fa-linux"></i> Rest Console</a></li><li class="nav-item dropdown"><a aria-expanded="false" class="nav-link dropdown-toggle" data-bs-toggle="dropdown" href="#" id="ToolsDropDown" role="button"><i class="fas fa-tools"></i> Tools</a><ul aria-labelledby="ToolsDropDown" class="dropdown-menu"><li class=""><a class="dropdown-item" href="/tools/base64-encode-decode">Base64 Encode/Decode</a></li><li class=""><a class="dropdown-item" href="/tools/url-encode-decode">Url Encode/Decode</a></li><li class=""><a class="dropdown-item" href="/tools/gcode-translator">G-Code Translator</a></li></ul></li><li class="nav-item"><a class="nav-link" href="/consumer/login">Login</a></li></ul></div></div></nav><div class="container pt-3"><style type="text/css">.code-text code {color: #bdbdbd;display: block;}.code-text code b {color: #81a2be;font-weight: 900;}.code-text code em {color: #b294bb;font-style: unset;}.code-text code i {color: #b5bd68;}.code-text code span {color: #f0c674;}</style><div class="card text-white border-secondary bg-dark"><div class="card-header"><h1 class="card-title text-warning"><i class="fas fa-ghost text-white slide-right"></i> HTTP: Not Found </h1></div><div class="card-body"><h3 class="leaad code-text"><code class="mb-3"><span>this_page</span>.<em>not_found</em> = true</code></h3><p class="lead code-text"><code class="mb-2"><span>if</span> <b>you_spelt_it_wrong</b> <br />&nbsp;&nbsp;<span>try_again</span><br /></code><code class="mb-2"><span>elsif <b>we_screwed_up</b></span> <br />&nbsp;&nbsp;<em>print</em> <i>"We're really sorry about that."</i><br/></code><code class="mb-2"><span>end</span></code><code class="mb-2"><span>redirect_to</span> <em>home_page</em></code></p></div></div></div><hr class="mt-5" /><div class="container"><div class="footer"><ul class="list-inline"><li class="list-inline-item">&copy; Go Rest 2022</li><li class="list-inline-item float-lg-end"><a href="/privacy-policy">Privacy Policy</a></li><li class="list-inline-item float-lg-end me-3"><a href="/contact-us">Contact Us</a></li></ul></div></div></body></html>
20:09:40.246 assertion failed: path: $, actual: null, expected: 'error', reason: actual value is not a string
