20:19:29.450 karate.env system property was:  
20:19:30.091 request:
1 > GET https://petstore.swagger.io/v2/pet/4
1 > Accept-Encoding: gzip,deflate
1 > Connection: Keep-Alive
1 > Host: petstore.swagger.io
1 > User-Agent: Apache-HttpClient/4.5.12 (Java/1.8.0_301)
1 > accept: application/json
1 > api_key: special-key

20:19:31.435 response time in milliseconds: 1351.81
1 < 200
1 < Access-Control-Allow-Headers: Content-Type, api_key, Authorization
1 < Access-Control-Allow-Methods: GET, POST, DELETE, PUT
1 < Access-Control-Allow-Origin: *
1 < Connection: keep-alive
1 < Content-Type: application/json
1 < Date: Mon, 11 Apr 2022 10:19:30 GMT
1 < Server: Jetty(9.2.9.v20150224)
1 < Transfer-Encoding: chunked
{"id":4,"category":{"id":2,"name":"Dogs"},"name":"German Shepperd","photoUrls":["string"],"tags":[{"id":2,"name":"tag2"}],"status":"available"}

20:19:31.450 [print] {
  "photoUrls": [
    "string"
  ],
  "name": "German Shepperd",
  "id": 4,
  "category": {
    "name": "Dogs",
    "id": 2
  },
  "tags": [
    {
      "name": "tag2",
      "id": 2
    }
  ],
  "status": "available"
}

20:19:31.497 [print] {
  "category": {
    "id": 2,
    "name": "Dogs"
  },
  "name": "Pitbull",
  "photoUrls": [
    "string"
  ],
  "tags": [
    {
      "id": 3,
      "name": "tag3"
    }
  ],
  "status": "available",
  "id": 4
}

20:19:31.513 request:
2 > PUT https://petstore.swagger.io/v2/pet
2 > Accept-Encoding: gzip,deflate
2 > Connection: Keep-Alive
2 > Content-Length: 135
2 > Content-Type: application/json; charset=UTF-8
2 > Host: petstore.swagger.io
2 > User-Agent: Apache-HttpClient/4.5.12 (Java/1.8.0_301)
2 > accept: application/json
{"category":{"id":2,"name":"Dogs"},"name":"Pitbull","photoUrls":["string"],"tags":[{"id":3,"name":"tag3"}],"status":"available","id":4}

20:19:32.748 response time in milliseconds: 1229.18
2 < 200
2 < Access-Control-Allow-Headers: Content-Type, api_key, Authorization
2 < Access-Control-Allow-Methods: GET, POST, DELETE, PUT
2 < Access-Control-Allow-Origin: *
2 < Connection: keep-alive
2 < Content-Type: application/json
2 < Date: Mon, 11 Apr 2022 10:19:31 GMT
2 < Server: Jetty(9.2.9.v20150224)
2 < Transfer-Encoding: chunked
{"id":4,"category":{"id":2,"name":"Dogs"},"name":"Pitbull","photoUrls":["string"],"tags":[{"id":3,"name":"tag3"}],"status":"available"}

20:19:32.748 [print] {
  "photoUrls": [
    "string"
  ],
  "name": "Pitbull",
  "id": 4,
  "category": {
    "name": "Dogs",
    "id": 2
  },
  "tags": [
    {
      "name": "tag3",
      "id": 3
    }
  ],
  "status": "available"
}

20:19:32.763 request:
3 > DELETE https://petstore.swagger.io/v2/pet/4
3 > Accept-Encoding: gzip,deflate
3 > Connection: Keep-Alive
3 > Host: petstore.swagger.io
3 > User-Agent: Apache-HttpClient/4.5.12 (Java/1.8.0_301)
3 > accept: application/json
3 > api_key: special-key

20:19:33.967 response time in milliseconds: 1204.59
3 < 200
3 < Access-Control-Allow-Headers: Content-Type, api_key, Authorization
3 < Access-Control-Allow-Methods: GET, POST, DELETE, PUT
3 < Access-Control-Allow-Origin: *
3 < Connection: keep-alive
3 < Content-Type: application/json
3 < Date: Mon, 11 Apr 2022 10:19:33 GMT
3 < Server: Jetty(9.2.9.v20150224)
3 < Transfer-Encoding: chunked
{"code":200,"type":"unknown","message":"4"}

20:19:33.967 [print] {
  "code": 200,
  "type": "unknown",
  "message": "4"
}

20:19:33.983 request:
4 > GET https://petstore.swagger.io/v2/pet/4
4 > Accept-Encoding: gzip,deflate
4 > Connection: Keep-Alive
4 > Host: petstore.swagger.io
4 > User-Agent: Apache-HttpClient/4.5.12 (Java/1.8.0_301)
4 > accept: application/json
4 > api_key: special-key

20:19:35.092 response time in milliseconds: 1111.87
4 < 404
4 < Access-Control-Allow-Headers: Content-Type, api_key, Authorization
4 < Access-Control-Allow-Methods: GET, POST, DELETE, PUT
4 < Access-Control-Allow-Origin: *
4 < Connection: keep-alive
4 < Content-Type: application/json
4 < Date: Mon, 11 Apr 2022 10:19:34 GMT
4 < Server: Jetty(9.2.9.v20150224)
4 < Transfer-Encoding: chunked
{"code":1,"type":"error","message":"Pet not found"}

20:19:35.092 [print] {
  "code": 1,
  "type": "error",
  "message": "Pet not found"
}

20:19:35.280 karate.env system property was:  
20:19:35.280 request:
1 > GET https://petstore.swagger.io/v2/pet/2
1 > Accept-Encoding: gzip,deflate
1 > Connection: Keep-Alive
1 > Host: petstore.swagger.io
1 > User-Agent: Apache-HttpClient/4.5.12 (Java/1.8.0_301)
1 > accept: application/json
1 > api_key: special-key

20:19:36.452 response time in milliseconds: 1172.76
1 < 200
1 < Access-Control-Allow-Headers: Content-Type, api_key, Authorization
1 < Access-Control-Allow-Methods: GET, POST, DELETE, PUT
1 < Access-Control-Allow-Origin: *
1 < Connection: keep-alive
1 < Content-Type: application/json
1 < Date: Mon, 11 Apr 2022 10:19:35 GMT
1 < Server: Jetty(9.2.9.v20150224)
1 < Transfer-Encoding: chunked
{"id":2,"category":{"id":2,"name":"Dogs"},"name":"Pitbull","photoUrls":["string"],"tags":[{"id":3,"name":"tag3"}],"status":"available"}

20:19:36.452 [print] {
  "photoUrls": [
    "string"
  ],
  "name": "Pitbull",
  "id": 2,
  "category": {
    "name": "Dogs",
    "id": 2
  },
  "tags": [
    {
      "name": "tag3",
      "id": 3
    }
  ],
  "status": "available"
}

20:19:36.467 karate.env system property was:  
20:19:36.467 request:
1 > PUT https://petstore.swagger.io/v2/pet
1 > Accept-Encoding: gzip,deflate
1 > Connection: Keep-Alive
1 > Content-Length: 135
1 > Content-Type: application/json; charset=UTF-8
1 > Host: petstore.swagger.io
1 > User-Agent: Apache-HttpClient/4.5.12 (Java/1.8.0_301)
1 > accept: application/json
{"id":2,"category":{"id":2,"name":"Dogs"},"name":"Pitbull","photoUrls":["string"],"tags":[{"id":3,"name":"tag3"}],"status":"available"}

20:19:37.655 response time in milliseconds: 1181.20
1 < 200
1 < Access-Control-Allow-Headers: Content-Type, api_key, Authorization
1 < Access-Control-Allow-Methods: GET, POST, DELETE, PUT
1 < Access-Control-Allow-Origin: *
1 < Connection: keep-alive
1 < Content-Type: application/json
1 < Date: Mon, 11 Apr 2022 10:19:36 GMT
1 < Server: Jetty(9.2.9.v20150224)
1 < Transfer-Encoding: chunked
{"id":2,"category":{"id":2,"name":"Dogs"},"name":"Pitbull","photoUrls":["string"],"tags":[{"id":3,"name":"tag3"}],"status":"available"}

20:19:37.655 [print] {
  "photoUrls": [
    "string"
  ],
  "name": "Pitbull",
  "id": 2,
  "category": {
    "name": "Dogs",
    "id": 2
  },
  "tags": [
    {
      "name": "tag3",
      "id": 3
    }
  ],
  "status": "available"
}

20:19:37.671 karate.env system property was:  
20:19:37.686 request:
1 > DELETE https://petstore.swagger.io/v2/pet/2
1 > Accept-Encoding: gzip,deflate
1 > Connection: Keep-Alive
1 > Host: petstore.swagger.io
1 > User-Agent: Apache-HttpClient/4.5.12 (Java/1.8.0_301)
1 > accept: application/json
1 > api_key: special-key

20:19:38.890 response time in milliseconds: 1200.02
1 < 200
1 < Access-Control-Allow-Headers: Content-Type, api_key, Authorization
1 < Access-Control-Allow-Methods: GET, POST, DELETE, PUT
1 < Access-Control-Allow-Origin: *
1 < Connection: keep-alive
1 < Content-Type: application/json
1 < Date: Mon, 11 Apr 2022 10:19:38 GMT
1 < Server: Jetty(9.2.9.v20150224)
1 < Transfer-Encoding: chunked
{"code":200,"type":"unknown","message":"2"}

20:19:38.890 [print] {
  "code": 200,
  "type": "unknown",
  "message": "2"
}

20:19:38.890 karate.env system property was:  
20:19:38.890 request:
1 > GET https://petstore.swagger.io/v2/pet/2
1 > Accept-Encoding: gzip,deflate
1 > Connection: Keep-Alive
1 > Host: petstore.swagger.io
1 > User-Agent: Apache-HttpClient/4.5.12 (Java/1.8.0_301)
1 > accept: application/json
1 > api_key: special-key

20:19:40.016 response time in milliseconds: 1117.44
1 < 404
1 < Access-Control-Allow-Headers: Content-Type, api_key, Authorization
1 < Access-Control-Allow-Methods: GET, POST, DELETE, PUT
1 < Access-Control-Allow-Origin: *
1 < Connection: keep-alive
1 < Content-Type: application/json
1 < Date: Mon, 11 Apr 2022 10:19:39 GMT
1 < Server: Jetty(9.2.9.v20150224)
1 < Transfer-Encoding: chunked
{"code":1,"type":"error","message":"Pet not found"}

20:19:40.016 [print] {
  "code": 1,
  "type": "error",
  "message": "Pet not found"
}

max_age":604800}
2 < Server: cloudflare
2 < Transfer-Encoding: chunked
2 < Vary: Origin, Accept-Encoding
2 < Via: 1.1 vegur
2 < X-Content-Type-Options: nosniff
2 < X-Powered-By: Express
2 < X-Ratelimit-Limit: 1000
2 < X-Ratelimit-Remaining: 999
2 < X-Ratelimit-Reset: 1649162816
2 < alt-svc: h3=":443"; ma=86400, h3-29=":443"; ma=86400
{
  "id": 1,
  "name": "Leanne Graham",
  "username": "Bret",
  "email": "Sincere@april.biz",
  "address": {
    "street": "Kulas Light",
    "suite": "Apt. 556",
    "city": "Gwenborough",
    "zipcode": "92998-3874",
    "geo": {
      "lat": "-37.3159",
      "lng": "81.1496"
    }
  },
  "phone": "1-770-736-8031 x56442",
  "website": "hildegard.org",
  "company": {
    "name": "Romaguera-Crona",
    "catchPhrase": "Multi-layered client-server neural-net",
    "bs": "harness real-time e-markets"
  }
}

19:08:19.551 karate.env system property was:  
19:08:19.567 request:
1 > POST https://jsonplaceholder.typicode.com/users
1 > Accept-Encoding: gzip,deflate
1 > Connection: Keep-Alive
1 > Content-Length: 160
1 > Content-Type: application/json; charset=UTF-8
1 > Host: jsonplaceholder.typicode.com
1 > User-Agent: Apache-HttpClient/4.5.12 (Java/1.8.0_301)
{"name":"Test User","username":"testuser","email":"test@user.com","address":{"street":"Has No Name","suite":"Apt. 123","city":"Electri","zipcode":"54321-6789"}}

19:08:20.129 response time in milliseconds: 562.29
1 < 201
1 < Access-Control-Allow-Credentials: true
1 < Access-Control-Expose-Headers: Location
1 < CF-Cache-Status: DYNAMIC
1 < CF-RAY: 6f9218f668bb5ab8-MEL
1 < Cache-Control: no-cache
1 < Connection: keep-alive
1 < Content-Length: 216
1 < Content-Type: application/json; charset=utf-8
1 < Date: Sat, 09 Apr 2022 09:08:20 GMT
1 < Etag: W/"d8-pYV7+YuMGP2hxHPU9ARrf97ifDA"
1 < Expect-CT: max-age=604800, report-uri="https://report-uri.cloudflare.com/cdn-cgi/beacon/expect-ct"
1 < Expires: -1
1 < Location: http://jsonplaceholder.typicode.com/users/11
1 < NEL: {"success_fraction":0,"report_to":"cf-nel","max_age":604800}
1 < Pragma: no-cache
1 < Report-To: {"endpoints":[{"url":"https:\/\/a.nel.cloudflare.com\/report\/v3?s=Fx34nxBaCjP8OOJP79nHV1Yd5V%2BuffCz%2BOXfksp6j95hOXW1tVScbT84cFS4ZysQnsr6UMSMGYu9ehwRzzCxxqfVpOVA5RBdCPkOF0eydumN4lSZeiESCI1OVPtmmZ5dk0VyTjUWMTGLLxEkvAoF"}],"group":"cf-nel","max_age":604800}
1 < Server: cloudflare
1 < Vary: Origin, X-HTTP-Method-Override, Accept-Encoding
1 < Via: 1.1 vegur
1 < X-Content-Type-Options: nosniff
1 < X-Powered-By: Express
1 < X-Ratelimit-Limit: 1000
1 < X-Ratelimit-Remaining: 999
1 < X-Ratelimit-Reset: 1649495326
1 < alt-svc: h3=":443"; ma=86400, h3-29=":443"; ma=86400
{
  "name": "Test User",
  "username": "testuser",
  "email": "test@user.com",
  "address": {
    "street": "Has No Name",
    "suite": "Apt. 123",
    "city": "Electri",
    "zipcode": "54321-6789"
  },
  "id": 11
}

19:08:20.129 [print] created id is:  11
19:08:20.160 karate.env system property was:  
19:08:20.176 [print] Total amount -->275
19:08:20.176 karate.env system property was:  
19:08:20.176 [print] Product value  -->6000
19:08:20.192 karate.env system property was:  
19:08:20.192 [print] [
  {
    "name": "Gerson",
    "city": "Brazil",
    "age": "36"
  },
  {
    "name": "Verma",
    "city": "india",
    "age": "45"
  }
]

19:08:20.207 karate.env system property was:  
19:08:20.207 request:
1 > GET https://gorest.co.in/public/v1/users/21
1 > Accept-Encoding: gzip,deflate
1 > Connection: Keep-Alive
1 > Host: gorest.co.in
1 > User-Agent: Apache-HttpClient/4.5.12 (Java/1.8.0_301)

19:08:21.317 response time in milliseconds: 1103.98
1 < 200
1 < Cache-Control: max-age=0, private, must-revalidate
1 < Connection: keep-alive
1 < Content-Type: application/json; charset=utf-8
1 < Date: Sat, 09 Apr 2022 09:08:21 GMT
1 < ETag: W/"4d564e18cb7976b3b6bb2d24df9cb059"
1 < Referrer-Policy: strict-origin-when-cross-origin
1 < Server: nginx
1 < Strict-Transport-Security: max-age=63072000; includeSubDomains
1 < Transfer-Encoding: chunked
1 < Vary: [Accept-Encoding, Origin]
1 < X-Content-Type-Options: nosniff
1 < X-Download-Options: noopen
1 < X-Frame-Options: SAMEORIGIN
1 < X-Permitted-Cross-Domain-Policies: none
1 < X-Request-Id: e983dbba-6919-4679-b6c1-f0c3f5707c08
1 < X-Runtime: 0.004870
1 < X-XSS-Protection: 0
{"meta":null,"data":{"id":21,"name":"Dhaanyalakshmi Sethi","email":"sethi_dhaanyalakshmi@adams.net","gender":"male","status":"inactive"}}

19:08:21.317 [print] {
  "data": {
    "gender": "male",
    "name": "Dhaanyalakshmi Sethi",
    "id": 21,
    "email": "sethi_dhaanyalakshmi@adams.net",
    "status": "inactive"
  },
  "meta": null
}

19:08:21.333 karate.env system property was:  
19:08:21.333 request:
1 > GET https://gorest.co.in/public/v1/users/20
1 > Accept-Encoding: gzip,deflate
1 > Connection: Keep-Alive
1 > Host: gorest.co.in
1 > User-Agent: Apache-HttpClient/4.5.12 (Java/1.8.0_301)

19:08:22.417 response time in milliseconds: 1081.66
1 < 200
1 < Cache-Control: max-age=0, private, must-revalidate
1 < Connection: keep-alive
1 < Content-Type: application/json; charset=utf-8
1 < Date: Sat, 09 Apr 2022 09:08:22 GMT
1 < ETag: W/"73dac689725807c66781c1d23215604e"
1 < Referrer-Policy: strict-origin-when-cross-origin
1 < Server: nginx
1 < Strict-Transport-Security: max-age=63072000; includeSubDomains
1 < Transfer-Encoding: chunked
1 < Vary: [Accept-Encoding, Origin]
1 < X-Content-Type-Options: nosniff
1 < X-Download-Options: noopen
1 < X-Frame-Options: SAMEORIGIN
1 < X-Permitted-Cross-Domain-Policies: none
1 < X-Request-Id: d7a824f8-519c-47c0-8638-970d8ef2dd66
1 < X-Runtime: 0.005809
1 < X-XSS-Protection: 0
{"meta":null,"data":{"id":20,"name":"Prof. Jagadish Prajapat","email":"prajapat_prof_jagadish@muller-olson.io","gender":"male","status":"inactive"}}

19:08:22.417 [print] {
  "data": {
    "gender": "male",
    "name": "Prof. Jagadish Prajapat",
    "id": 20,
    "email": "prajapat_prof_jagadish@muller-olson.io",
    "status": "inactive"
  },
  "meta": null
}

19:08:22.433 karate.env system property was:  
19:08:22.433 [print] hello world
19:08:22.433 [print] hello karate api auto tests
19:08:22.433 karate.env system property was:  
19:08:22.433 [print] total amount -->230
19:08:22.449 karate.env system property was:  
19:08:22.464 [print] dR2QM9Qwr1
19:08:22.480 [print] {
  "name": "Johna",
  "gender": "male",
  "status": "active",
  "email": "dR2QM9Qwr1@gmail.com"
}

19:08:22.480 request:
1 > POST https://gorest.co.in/public/v1/users
1 > Accept-Encoding: gzip,deflate
1 > Authorization: Bearer d5d9aee68a1c84c77c34794da5811bec8c399baa433132eb719ccd3a145a62f3
1 > Connection: Keep-Alive
1 > Content-Length: 81
1 > Content-Type: application/json; charset=UTF-8
1 > Host: gorest.co.in
1 > User-Agent: Apache-HttpClient/4.5.12 (Java/1.8.0_301)
{"name":"Johna","gender":"male","status":"active","email":"dR2QM9Qwr1@gmail.com"}

19:08:23.571 response time in milliseconds: 1097.75
1 < 201
1 < Cache-Control: max-age=0, private, must-revalidate
1 < Connection: keep-alive
1 < Content-Type: application/json; charset=utf-8
1 < Date: Sat, 09 Apr 2022 09:08:23 GMT
1 < ETag: W/"71531481621925d6a7e57cba8e865374"
1 < Location: https://gorest.co.in/public/v1/users/3112
1 < Referrer-Policy: strict-origin-when-cross-origin
1 < Server: nginx
1 < Strict-Transport-Security: max-age=63072000; includeSubDomains
1 < Transfer-Encoding: chunked
1 < Vary: Origin
1 < X-Content-Type-Options: nosniff
1 < X-Download-Options: noopen
1 < X-Frame-Options: SAMEORIGIN
1 < X-Permitted-Cross-Domain-Policies: none
1 < X-RateLimit-Limit: 90
1 < X-RateLimit-Remaining: 89
1 < X-RateLimit-Reset: 1
1 < X-Request-Id: 190a4a73-7920-4918-a7ec-657dc3ce0a66
1 < X-Runtime: 0.026241
1 < X-XSS-Protection: 0
{"meta":null,"data":{"id":3112,"name":"Johna","email":"dR2QM9Qwr1@gmail.com","gender":"male","status":"active"}}

19:08:23.571 [print] {
  "data": {
    "gender": "male",
    "name": "Johna",
    "id": 3112,
    "email": "dR2QM9Qwr1@gmail.com",
    "status": "active"
  },
  "meta": null
}

null
}

":"Johna","email":"8bSD71ZG42@gmail.com","gender":"male","status":"active"}}

15:26:18.986 [print] {
  "data": {
    "gender": "male",
    "name": "Johna",
    "id": 2745,
    "email": "8bSD71ZG42@gmail.com",
    "status": "active"
  },
  "meta": null
}

atus":"active"}}

16:38:05.155 [print] {
  "data": {
    "gender": "male",
    "name": "Johna",
    "id": 1422,
    "email": "ZIm5cZOuXn@gmail.com",
    "status": "active"
  },
  "meta": null
}

le","status":"active"}}

16:31:04.243 [print] {
  "data": {
    "gender": "male",
    "name": "Johna",
    "id": 1416,
    "email": "Z78ZB5KIxW@gmail.com",
    "status": "active"
  },
  "meta": null
}

